Using pre-set license
Built from '2021.3/staging' branch; Version is '2021.3.19f1 (c9714fde33b6) revision 13201743'; Using compiler version '192829333'; Build Type 'Release'
OS: 'Windows 11  (10.0.22621) 64bit Core' Language: 'de' Physical Memory: 16215 MB
BatchMode: 1, IsHumanControllingUs: 0, StartBugReporterOnCrash: 0, Is64bit: 1, IsPro: 1

COMMAND LINE ARGUMENTS:
C:\Program Files\Unity\Hub\Editor\2021.3.19f1\Editor\Unity.exe
-adb2
-batchMode
-noUpm
-name
AssetImportWorker0
-projectPath
C:/Users/adria/boat and island
-logFile
Logs/AssetImportWorker0.log
-srvPort
63055
Successfully changed project path to: C:/Users/adria/boat and island
C:/Users/adria/boat and island
[UnityMemory] Configuration Parameters - Can be set up in boot.config
    "memorysetup-bucket-allocator-granularity=16"
    "memorysetup-bucket-allocator-bucket-count=8"
    "memorysetup-bucket-allocator-block-size=33554432"
    "memorysetup-bucket-allocator-block-count=8"
    "memorysetup-main-allocator-block-size=16777216"
    "memorysetup-thread-allocator-block-size=16777216"
    "memorysetup-gfx-main-allocator-block-size=16777216"
    "memorysetup-gfx-thread-allocator-block-size=16777216"
    "memorysetup-cache-allocator-block-size=4194304"
    "memorysetup-typetree-allocator-block-size=2097152"
    "memorysetup-profiler-bucket-allocator-granularity=16"
    "memorysetup-profiler-bucket-allocator-bucket-count=8"
    "memorysetup-profiler-bucket-allocator-block-size=33554432"
    "memorysetup-profiler-bucket-allocator-block-count=8"
    "memorysetup-profiler-allocator-block-size=16777216"
    "memorysetup-profiler-editor-allocator-block-size=1048576"
    "memorysetup-temp-allocator-size-main=16777216"
    "memorysetup-job-temp-allocator-block-size=2097152"
    "memorysetup-job-temp-allocator-block-size-background=1048576"
    "memorysetup-job-temp-allocator-reduction-small-platforms=262144"
    "memorysetup-temp-allocator-size-background-worker=32768"
    "memorysetup-temp-allocator-size-job-worker=262144"
    "memorysetup-temp-allocator-size-preload-manager=33554432"
    "memorysetup-temp-allocator-size-nav-mesh-worker=65536"
    "memorysetup-temp-allocator-size-audio-worker=65536"
    "memorysetup-temp-allocator-size-cloud-worker=32768"
    "memorysetup-temp-allocator-size-gi-baking-worker=262144"
    "memorysetup-temp-allocator-size-gfx=262144"
Player connection [33216] Host "[IP] 172.19.180.246 [Port] 0 [Flags] 2 [Guid] 3811435529 [EditorId] 3811435529 [Version] 1048832 [Id] WindowsEditor(7,LAPTOP-DSPED7GC) [Debug] 1 [PackageName] WindowsEditor [ProjectName] Editor" joined multi-casting on [225.0.0.222:54997]...

Player connection [33216] Host "[IP] 172.19.180.246 [Port] 0 [Flags] 2 [Guid] 3811435529 [EditorId] 3811435529 [Version] 1048832 [Id] WindowsEditor(7,LAPTOP-DSPED7GC) [Debug] 1 [PackageName] WindowsEditor [ProjectName] Editor" joined alternative multi-casting on [225.0.0.222:34997]...

Refreshing native plugins compatible for Editor in 90.18 ms, found 3 plugins.
Preloading 0 native plugins for Editor in 0.00 ms.
Initialize engine version: 2021.3.19f1 (c9714fde33b6)
[Subsystems] Discovering subsystems at path C:/Program Files/Unity/Hub/Editor/2021.3.19f1/Editor/Data/Resources/UnitySubsystems
[Subsystems] Discovering subsystems at path C:/Users/adria/boat and island/Assets
GfxDevice: creating device client; threaded=0; jobified=0
Direct3D:
    Version:  Direct3D 11.0 [level 11.1]
    Renderer: NVIDIA GeForce RTX 3060 Laptop GPU (ID=0x2520)
    Vendor:   NVIDIA
    VRAM:     6023 MB
    Driver:   30.0.15.1123
Initialize mono
Mono path[0] = 'C:/Program Files/Unity/Hub/Editor/2021.3.19f1/Editor/Data/Managed'
Mono path[1] = 'C:/Program Files/Unity/Hub/Editor/2021.3.19f1/Editor/Data/MonoBleedingEdge/lib/mono/unityjit-win32'
Mono config path = 'C:/Program Files/Unity/Hub/Editor/2021.3.19f1/Editor/Data/MonoBleedingEdge/etc'
Using monoOptions --debugger-agent=transport=dt_socket,embedding=1,server=y,suspend=n,address=127.0.0.1:56892
Begin MonoManager ReloadAssembly
Registering precompiled unity dll's ...
Register platform support module: C:/Program Files/Unity/Hub/Editor/2021.3.19f1/Editor/Data/PlaybackEngines/WebGLSupport/UnityEditor.WebGL.Extensions.dll
Register platform support module: C:/Program Files/Unity/Hub/Editor/2021.3.19f1/Editor/Data/PlaybackEngines/WindowsStandaloneSupport/UnityEditor.WindowsStandalone.Extensions.dll
Registered in 0.006176 seconds.
Native extension for WindowsStandalone target not found
Native extension for WebGL target not found
Refreshing native plugins compatible for Editor in 89.32 ms, found 3 plugins.
Preloading 0 native plugins for Editor in 0.00 ms.
Mono: successfully reloaded assembly
- Completed reload, in  0.672 seconds
Domain Reload Profiling:
	ReloadAssembly (673ms)
		BeginReloadAssembly (75ms)
			ExecutionOrderSort (0ms)
			DisableScriptedObjects (0ms)
			BackupInstance (0ms)
			ReleaseScriptingObjects (0ms)
			CreateAndSetChildDomain (1ms)
		EndReloadAssembly (485ms)
			LoadAssemblies (73ms)
			RebuildTransferFunctionScriptingTraits (0ms)
			SetupTypeCache (109ms)
			ReleaseScriptCaches (0ms)
			RebuildScriptCaches (30ms)
			SetupLoadedEditorAssemblies (295ms)
				LogAssemblyErrors (0ms)
				InitializePlatformSupportModulesInManaged (9ms)
				SetLoadedEditorAssemblies (0ms)
				RefreshPlugins (89ms)
				BeforeProcessingInitializeOnLoad (1ms)
				ProcessInitializeOnLoadAttributes (147ms)
				ProcessInitializeOnLoadMethodAttributes (48ms)
				AfterProcessingInitializeOnLoad (0ms)
				EditorAssembliesLoaded (0ms)
			ExecutionOrderSort2 (0ms)
			AwakeInstancesAfterBackupRestoration (0ms)
Platform modules already initialized, skipping
Registering precompiled user dll's ...
Registered in 0.007190 seconds.
Begin MonoManager ReloadAssembly
Symbol file LoadedFromMemory doesn't match image C:\Users\adria\boat and island\Library\PackageCache\com.unity.visualscripting@1.8.0\Editor\VisualScripting.Core\Dependencies\YamlDotNet\Unity.VisualScripting.YamlDotNet.dll
Symbol file LoadedFromMemory doesn't match image C:\Users\adria\boat and island\Library\PackageCache\com.unity.visualscripting@1.8.0\Editor\VisualScripting.Core\Dependencies\DotNetZip\Unity.VisualScripting.IonicZip.dll
Native extension for WindowsStandalone target not found
Native extension for WebGL target not found
Refreshing native plugins compatible for Editor in 0.69 ms, found 3 plugins.
Preloading 0 native plugins for Editor in 0.00 ms.
Mono: successfully reloaded assembly
- Completed reload, in  1.167 seconds
Domain Reload Profiling:
	ReloadAssembly (1168ms)
		BeginReloadAssembly (132ms)
			ExecutionOrderSort (0ms)
			DisableScriptedObjects (8ms)
			BackupInstance (0ms)
			ReleaseScriptingObjects (0ms)
			CreateAndSetChildDomain (23ms)
		EndReloadAssembly (879ms)
			LoadAssemblies (92ms)
			RebuildTransferFunctionScriptingTraits (0ms)
			SetupTypeCache (313ms)
			ReleaseScriptCaches (1ms)
			RebuildScriptCaches (57ms)
			SetupLoadedEditorAssemblies (383ms)
				LogAssemblyErrors (0ms)
				InitializePlatformSupportModulesInManaged (7ms)
				SetLoadedEditorAssemblies (1ms)
				RefreshPlugins (1ms)
				BeforeProcessingInitializeOnLoad (91ms)
				ProcessInitializeOnLoadAttributes (252ms)
				ProcessInitializeOnLoadMethodAttributes (23ms)
				AfterProcessingInitializeOnLoad (8ms)
				EditorAssembliesLoaded (0ms)
			ExecutionOrderSort2 (0ms)
			AwakeInstancesAfterBackupRestoration (7ms)
Platform modules already initialized, skipping
========================================================================
Worker process is ready to serve import requests
Launched and connected shader compiler UnityShaderCompiler.exe after 0.05 seconds
Refreshing native plugins compatible for Editor in 0.65 ms, found 3 plugins.
Preloading 0 native plugins for Editor in 0.00 ms.
Unloading 3185 Unused Serialized files (Serialized files now loaded: 0)
Unloading 32 unused Assets / (399.8 KB). Loaded Objects now: 3660.
Memory consumption went from 141.4 MB to 141.0 MB.
Total: 3.300700 ms (FindLiveObjects: 0.282800 ms CreateObjectMapping: 0.255100 ms MarkObjects: 2.586800 ms  DeleteObjects: 0.174800 ms)

AssetImportParameters requested are different than current active one (requested -> active):
  custom:video-decoder-ogg-theora: a1e56fd34408186e4bbccfd4996cb3dc -> 
  custom:container-muxer-webm: aa71ff27fc2769a1b78a27578f13a17b -> 
  custom:container-demuxer-webm: 4f35f7cbe854078d1ac9338744f61a02 -> 
  custom:video-encoder-webm-vp8: eb34c28f22e8b96e1ab97ce403110664 -> 
  custom:audio-encoder-webm-vorbis: bf7c407c2cedff20999df2af8eb42d56 -> 
  custom:framework-win-MediaFoundation: 216162199b28c13a410421893ffa2e32 -> 
  custom:container-demuxer-ogg: 62fdf1f143b41e24485cea50d1cbac27 -> 
  custom:video-decoder-webm-vp8: 9c59270c3fd7afecdb556c50c9e8de78 -> 
  custom:audio-decoder-ogg-vorbis: bf7c407c2cedff20999df2af8eb42d56 -> 
========================================================================
Received Import Request.
  Time since last request: 1275513.237963 seconds.
  path: Assets/Mess Maker Free
  artifactKey: Guid(31cf2c783ed8ee44d91825e7580560eb) Importer(815301076,1909f56bfc062723c751e8b465ee728b)
Start importing Assets/Mess Maker Free using Guid(31cf2c783ed8ee44d91825e7580560eb) Importer(815301076,1909f56bfc062723c751e8b465ee728b)  -> (artifact id: '9d21297c17bf15fa984c15883a25e04c') in 0.013626 seconds 
========================================================================
Received Import Request.
  Time since last request: 13.780525 seconds.
  path: Assets/Mess Maker Free/Prefabs/High Poly/Food
  artifactKey: Guid(ae40b7aad0fcf124dacfd7b78ae81fa2) Importer(815301076,1909f56bfc062723c751e8b465ee728b)
Start importing Assets/Mess Maker Free/Prefabs/High Poly/Food using Guid(ae40b7aad0fcf124dacfd7b78ae81fa2) Importer(815301076,1909f56bfc062723c751e8b465ee728b)  -> (artifact id: '74fdab26ee518b0e47150330ef4f9515') in 0.016942 seconds 
========================================================================
Received Import Request.
  Time since last request: 0.054733 seconds.
  path: Assets/Mess Maker Free/Prefabs/High Poly/Food/Apple Core Green.prefab
  artifactKey: Guid(bd75deb20c1e65f43b506a25a0b3b293) Importer(815301076,1909f56bfc062723c751e8b465ee728b)
Start importing Assets/Mess Maker Free/Prefabs/High Poly/Food/Apple Core Green.prefab using Guid(bd75deb20c1e65f43b506a25a0b3b293) Importer(815301076,1909f56bfc062723c751e8b465ee728b)  -> (artifact id: '12012959024e13c62a8b421a91c6747e') in 0.201109 seconds 
========================================================================
Received Import Request.
  Time since last request: 0.000021 seconds.
  path: Assets/Mess Maker Free/Prefabs/High Poly/Food/Fish Bone.prefab
  artifactKey: Guid(28b58cc1843a34c4184023567cecfaf9) Importer(815301076,1909f56bfc062723c751e8b465ee728b)
Start importing Assets/Mess Maker Free/Prefabs/High Poly/Food/Fish Bone.prefab using Guid(28b58cc1843a34c4184023567cecfaf9) Importer(815301076,1909f56bfc062723c751e8b465ee728b)  -> (artifact id: '211ea6d47b8a85a05def14ba8cf7e0d2') in 0.040575 seconds 
========================================================================
Received Import Request.
  Time since last request: 0.000028 seconds.
  path: Assets/Mess Maker Free/Prefabs/High Poly/Food/Chicken Bone.prefab
  artifactKey: Guid(cb28e6a8083d9404db07c7774f4627ba) Importer(815301076,1909f56bfc062723c751e8b465ee728b)
Start importing Assets/Mess Maker Free/Prefabs/High Poly/Food/Chicken Bone.prefab using Guid(cb28e6a8083d9404db07c7774f4627ba) Importer(815301076,1909f56bfc062723c751e8b465ee728b)  -> (artifact id: '6e2b84627edb59a3cf14591a04ef1426') in 0.041188 seconds 
========================================================================
Received Import Request.
  Time since last request: 14.203178 seconds.
  path: Assets/Mess Maker Free/Prefabs/High Poly/Glass Bottles/Beer Bottle Green with Label.prefab
  artifactKey: Guid(20752bbf2f5d71944bcff39c7a6e686f) Importer(815301076,1909f56bfc062723c751e8b465ee728b)
Start importing Assets/Mess Maker Free/Prefabs/High Poly/Glass Bottles/Beer Bottle Green with Label.prefab using Guid(20752bbf2f5d71944bcff39c7a6e686f) Importer(815301076,1909f56bfc062723c751e8b465ee728b)  -> (artifact id: '28f334dcd5209173629cb0633d3558c6') in 0.076647 seconds 
========================================================================
Received Import Request.
  Time since last request: 0.000045 seconds.
  path: Assets/Mess Maker Free/Prefabs/High Poly/Glass Bottles/Wine Bottle Red Broke 2.prefab
  artifactKey: Guid(7899e43a811a2fe43ad1dea14f502569) Importer(815301076,1909f56bfc062723c751e8b465ee728b)
Start importing Assets/Mess Maker Free/Prefabs/High Poly/Glass Bottles/Wine Bottle Red Broke 2.prefab using Guid(7899e43a811a2fe43ad1dea14f502569) Importer(815301076,1909f56bfc062723c751e8b465ee728b)  -> (artifact id: '4b3c76f780bfc0729354266627e1c9c8') in 0.025629 seconds 
========================================================================
Received Import Request.
  Time since last request: 0.000050 seconds.
  path: Assets/Mess Maker Free/Prefabs/High Poly/Glass Bottles/Wine Bottle Red Broke.prefab
  artifactKey: Guid(57a334e30ddbb21469c98b6ebf5fa7c9) Importer(815301076,1909f56bfc062723c751e8b465ee728b)
Start importing Assets/Mess Maker Free/Prefabs/High Poly/Glass Bottles/Wine Bottle Red Broke.prefab using Guid(57a334e30ddbb21469c98b6ebf5fa7c9) Importer(815301076,1909f56bfc062723c751e8b465ee728b)  -> (artifact id: '536c825fc0f5e9104489d8647081f472') in 0.023322 seconds 
========================================================================
Received Import Request.
  Time since last request: 0.000050 seconds.
  path: Assets/Mess Maker Free/Prefabs/High Poly/Glass Bottles/Vodka Bottle.prefab
  artifactKey: Guid(53cd7359f481927469e4321600596c6b) Importer(815301076,1909f56bfc062723c751e8b465ee728b)
Start importing Assets/Mess Maker Free/Prefabs/High Poly/Glass Bottles/Vodka Bottle.prefab using Guid(53cd7359f481927469e4321600596c6b) Importer(815301076,1909f56bfc062723c751e8b465ee728b)  -> (artifact id: 'b57e652e379739c6ce250f50e7e83926') in 0.038892 seconds 
========================================================================
Received Import Request.
  Time since last request: 0.000028 seconds.
  path: Assets/Mess Maker Free/Prefabs/High Poly/Glass Bottles/Beer Bottle Red.prefab
  artifactKey: Guid(094b5e0777b67a64f88ce0eb50166234) Importer(815301076,1909f56bfc062723c751e8b465ee728b)
Start importing Assets/Mess Maker Free/Prefabs/High Poly/Glass Bottles/Beer Bottle Red.prefab using Guid(094b5e0777b67a64f88ce0eb50166234) Importer(815301076,1909f56bfc062723c751e8b465ee728b)  -> (artifact id: '07d0c7b25274c890a0b918a61c090b9d') in 0.023056 seconds 
========================================================================
Received Import Request.
  Time since last request: 0.000035 seconds.
  path: Assets/Mess Maker Free/Prefabs/High Poly/Glass Bottles/Wine Bottle Green.prefab
  artifactKey: Guid(cbce813fb81b1454f932fcd8872f015a) Importer(815301076,1909f56bfc062723c751e8b465ee728b)
Start importing Assets/Mess Maker Free/Prefabs/High Poly/Glass Bottles/Wine Bottle Green.prefab using Guid(cbce813fb81b1454f932fcd8872f015a) Importer(815301076,1909f56bfc062723c751e8b465ee728b)  -> (artifact id: '60d87103531f1d9aa10aea519eb0126d') in 0.023504 seconds 
========================================================================
Received Import Request.
  Time since last request: 0.000031 seconds.
  path: Assets/Mess Maker Free/Prefabs/High Poly/Glass Bottles/Wine Bottle Green Broke.prefab
  artifactKey: Guid(3821453175ca30243b7074a7311765aa) Importer(815301076,1909f56bfc062723c751e8b465ee728b)
Start importing Assets/Mess Maker Free/Prefabs/High Poly/Glass Bottles/Wine Bottle Green Broke.prefab using Guid(3821453175ca30243b7074a7311765aa) Importer(815301076,1909f56bfc062723c751e8b465ee728b)  -> (artifact id: '096abec3cd515ed34229289835e363fd') in 0.022834 seconds 
========================================================================
Received Prepare
Registering precompiled user dll's ...
Registered in 0.007841 seconds.
Begin MonoManager ReloadAssembly
Symbol file LoadedFromMemory doesn't match image C:\Users\adria\boat and island\Library\PackageCache\com.unity.visualscripting@1.8.0\Editor\VisualScripting.Core\Dependencies\YamlDotNet\Unity.VisualScripting.YamlDotNet.dll
Symbol file LoadedFromMemory doesn't match image C:\Users\adria\boat and island\Library\PackageCache\com.unity.visualscripting@1.8.0\Editor\VisualScripting.Core\Dependencies\DotNetZip\Unity.VisualScripting.IonicZip.dll
Native extension for WindowsStandalone target not found
Native extension for WebGL target not found
Refreshing native plugins compatible for Editor in 1.72 ms, found 3 plugins.
Preloading 0 native plugins for Editor in 0.00 ms.
Mono: successfully reloaded assembly
- Completed reload, in  1.693 seconds
Domain Reload Profiling:
	ReloadAssembly (1694ms)
		BeginReloadAssembly (171ms)
			ExecutionOrderSort (0ms)
			DisableScriptedObjects (7ms)
			BackupInstance (0ms)
			ReleaseScriptingObjects (0ms)
			CreateAndSetChildDomain (47ms)
		EndReloadAssembly (1363ms)
			LoadAssemblies (107ms)
			RebuildTransferFunctionScriptingTraits (0ms)
			SetupTypeCache (452ms)
			ReleaseScriptCaches (2ms)
			RebuildScriptCaches (79ms)
			SetupLoadedEditorAssemblies (616ms)
				LogAssemblyErrors (0ms)
				InitializePlatformSupportModulesInManaged (32ms)
				SetLoadedEditorAssemblies (1ms)
				RefreshPlugins (2ms)
				BeforeProcessingInitializeOnLoad (120ms)
				ProcessInitializeOnLoadAttributes (409ms)
				ProcessInitializeOnLoadMethodAttributes (38ms)
				AfterProcessingInitializeOnLoad (14ms)
				EditorAssembliesLoaded (0ms)
			ExecutionOrderSort2 (0ms)
			AwakeInstancesAfterBackupRestoration (12ms)
Platform modules already initialized, skipping
Refreshing native plugins compatible for Editor in 2.74 ms, found 3 plugins.
Preloading 0 native plugins for Editor in 0.00 ms.
Unloading 3150 Unused Serialized files (Serialized files now loaded: 0)
Unloading 25 unused Assets / (366.9 KB). Loaded Objects now: 3671.
Memory consumption went from 142.6 MB to 142.3 MB.
Total: 5.514900 ms (FindLiveObjects: 0.346600 ms CreateObjectMapping: 0.445200 ms MarkObjects: 4.340600 ms  DeleteObjects: 0.379600 ms)

AssetImportParameters requested are different than current active one (requested -> active):
  custom:video-decoder-ogg-theora: a1e56fd34408186e4bbccfd4996cb3dc -> 
  custom:container-muxer-webm: aa71ff27fc2769a1b78a27578f13a17b -> 
  custom:container-demuxer-webm: 4f35f7cbe854078d1ac9338744f61a02 -> 
  custom:video-encoder-webm-vp8: eb34c28f22e8b96e1ab97ce403110664 -> 
  custom:audio-encoder-webm-vorbis: bf7c407c2cedff20999df2af8eb42d56 -> 
  custom:framework-win-MediaFoundation: 216162199b28c13a410421893ffa2e32 -> 
  custom:container-demuxer-ogg: 62fdf1f143b41e24485cea50d1cbac27 -> 
  custom:video-decoder-webm-vp8: 9c59270c3fd7afecdb556c50c9e8de78 -> 
  custom:audio-decoder-ogg-vorbis: bf7c407c2cedff20999df2af8eb42d56 -> 
========================================================================
Received Import Request.
  Time since last request: 1659.547136 seconds.
  path: Assets/City Assets Volume 1 -FREE/Paper/Prefab/paper2 Prefab.prefab
  artifactKey: Guid(92738a89d8f034344a4b7ad3fe8dbacd) Importer(815301076,1909f56bfc062723c751e8b465ee728b)
Start importing Assets/City Assets Volume 1 -FREE/Paper/Prefab/paper2 Prefab.prefab using Guid(92738a89d8f034344a4b7ad3fe8dbacd) Importer(815301076,1909f56bfc062723c751e8b465ee728b)  -> (artifact id: '990b869750bae8b5043bee8dd2d0bc0a') in 0.066062 seconds 
========================================================================
Received Import Request.
  Time since last request: 0.000027 seconds.
  path: Assets/City Assets Volume 1 -FREE/Paper/Prefab/paper4 Prefab.prefab
  artifactKey: Guid(97e5dfdae501d1d49aef1c31e2b073d6) Importer(815301076,1909f56bfc062723c751e8b465ee728b)
Start importing Assets/City Assets Volume 1 -FREE/Paper/Prefab/paper4 Prefab.prefab using Guid(97e5dfdae501d1d49aef1c31e2b073d6) Importer(815301076,1909f56bfc062723c751e8b465ee728b)  -> (artifact id: '96e374dd2becca9aaf606b02d143e936') in 0.012099 seconds 
========================================================================
Received Import Request.
  Time since last request: 43.228758 seconds.
  path: Assets/City Assets Volume 1 -FREE/Cone/Materials/Cone LOD1.mat
  artifactKey: Guid(3f1ed5b230d827c408e0999b6495a129) Importer(815301076,1909f56bfc062723c751e8b465ee728b)
Start importing Assets/City Assets Volume 1 -FREE/Cone/Materials/Cone LOD1.mat using Guid(3f1ed5b230d827c408e0999b6495a129) Importer(815301076,1909f56bfc062723c751e8b465ee728b)  -> (artifact id: 'd4cbd7cb5d7ca2a071a61cc3c349a560') in 0.044092 seconds 
========================================================================
Received Import Request.
  Time since last request: 0.000024 seconds.
  path: Assets/City Assets Volume 1 -FREE/Cone/Materials/Cone LOD2.mat
  artifactKey: Guid(984cd63c613087040b7de35b57f408e5) Importer(815301076,1909f56bfc062723c751e8b465ee728b)
Start importing Assets/City Assets Volume 1 -FREE/Cone/Materials/Cone LOD2.mat using Guid(984cd63c613087040b7de35b57f408e5) Importer(815301076,1909f56bfc062723c751e8b465ee728b)  -> (artifact id: 'fdcb3786a25759476344195a4639ece5') in 0.013999 seconds 
========================================================================
Received Import Request.
  Time since last request: 10.942268 seconds.
  path: Assets/City Assets Volume 1 -FREE/Public Gerbage/Material/Public Gerbage LOD1.mat
  artifactKey: Guid(c18b0c67930ddc943be0e347efe06039) Importer(815301076,1909f56bfc062723c751e8b465ee728b)
Start importing Assets/City Assets Volume 1 -FREE/Public Gerbage/Material/Public Gerbage LOD1.mat using Guid(c18b0c67930ddc943be0e347efe06039) Importer(815301076,1909f56bfc062723c751e8b465ee728b)  -> (artifact id: 'c3fca9c275ae18828ec6f03f99ea2aad') in 0.019895 seconds 
========================================================================
Received Import Request.
  Time since last request: 0.000023 seconds.
  path: Assets/City Assets Volume 1 -FREE/Public Gerbage/Material/Public Gerbage LOD3.mat
  artifactKey: Guid(619fbd9b610966043a2dfdc7bfca0e8a) Importer(815301076,1909f56bfc062723c751e8b465ee728b)
Start importing Assets/City Assets Volume 1 -FREE/Public Gerbage/Material/Public Gerbage LOD3.mat using Guid(619fbd9b610966043a2dfdc7bfca0e8a) Importer(815301076,1909f56bfc062723c751e8b465ee728b)  -> (artifact id: 'f88ec1cf1fb837513c8fa97f9a8bb47e') in 0.013243 seconds 
========================================================================
Received Import Request.
  Time since last request: 10.866549 seconds.
  path: Assets/City Assets Volume 1 -FREE/Paper/paper2.fbx
  artifactKey: Guid(2937c62b554ea5045b42ccf7e51ddcea) Importer(815301076,1909f56bfc062723c751e8b465ee728b)
Start importing Assets/City Assets Volume 1 -FREE/Paper/paper2.fbx using Guid(2937c62b554ea5045b42ccf7e51ddcea) Importer(815301076,1909f56bfc062723c751e8b465ee728b)  -> (artifact id: '1dd642a5344b8ea3a483d5f6a4dbc528') in 0.048700 seconds 
========================================================================
Received Import Request.
  Time since last request: 0.000031 seconds.
  path: Assets/City Assets Volume 1 -FREE/Paper/paper3.fbx
  artifactKey: Guid(f9dfda4f5f05ece4583f21dfd03ed9ea) Importer(815301076,1909f56bfc062723c751e8b465ee728b)
Start importing Assets/City Assets Volume 1 -FREE/Paper/paper3.fbx using Guid(f9dfda4f5f05ece4583f21dfd03ed9ea) Importer(815301076,1909f56bfc062723c751e8b465ee728b)  -> (artifact id: '6ec7263d882d6ab85b45d4c82d03a48b') in 0.023853 seconds 
========================================================================
Received Import Request.
  Time since last request: 89.024407 seconds.
  path: Assets/City Assets Volume 1 -FREE/TrashCup/TrashCup2.fbx
  artifactKey: Guid(62d7ad1888037a046a41591b74ae1e96) Importer(815301076,1909f56bfc062723c751e8b465ee728b)
Start importing Assets/City Assets Volume 1 -FREE/TrashCup/TrashCup2.fbx using Guid(62d7ad1888037a046a41591b74ae1e96) Importer(815301076,1909f56bfc062723c751e8b465ee728b)  -> (artifact id: '87217ab0e269e5cf437c47577a2d942f') in 0.031142 seconds 
========================================================================
Received Import Request.
  Time since last request: 117.634555 seconds.
  path: Assets/City Assets Volume 1 -FREE/Paper/Textures/COVER TEXTURE 2.png
  artifactKey: Guid(31c93d4eb8a45594c92eaaa729994aa5) Importer(815301076,1909f56bfc062723c751e8b465ee728b)
Start importing Assets/City Assets Volume 1 -FREE/Paper/Textures/COVER TEXTURE 2.png using Guid(31c93d4eb8a45594c92eaaa729994aa5) Importer(815301076,1909f56bfc062723c751e8b465ee728b)  -> (artifact id: '8615ff2ceb7b6c6ddea48e9132a7d7a0') in 0.023368 seconds 
========================================================================
Received Import Request.
  Time since last request: 0.000018 seconds.
  path: Assets/City Assets Volume 1 -FREE/Paper/Textures/tts Texture 2.png
  artifactKey: Guid(4ed7929e21595ec4d8486a0d9e1eaa3d) Importer(815301076,1909f56bfc062723c751e8b465ee728b)
Start importing Assets/City Assets Volume 1 -FREE/Paper/Textures/tts Texture 2.png using Guid(4ed7929e21595ec4d8486a0d9e1eaa3d) Importer(815301076,1909f56bfc062723c751e8b465ee728b)  -> (artifact id: 'd7dd03bb7138ce6ed89e3b5280254711') in 0.012685 seconds 
========================================================================
Received Import Request.
  Time since last request: 232.472642 seconds.
  path: Assets/Mess Maker Free/Prefabs/Low Poly/Cans/Beer Can Blue.prefab
  artifactKey: Guid(5c5315a832f1fa040b2831c887de01f8) Importer(815301076,1909f56bfc062723c751e8b465ee728b)
Start importing Assets/Mess Maker Free/Prefabs/Low Poly/Cans/Beer Can Blue.prefab using Guid(5c5315a832f1fa040b2831c887de01f8) Importer(815301076,1909f56bfc062723c751e8b465ee728b)  -> (artifact id: 'bdd7258e80b2331e979e73956a2bd414') in 0.021093 seconds 
========================================================================
Received Import Request.
  Time since last request: 0.000470 seconds.
  path: Assets/Mess Maker Free/Prefabs/Low Poly/Cans/Beer Can Green Crushed.prefab
  artifactKey: Guid(be2f3a70d7cff0d499d97d845208aafb) Importer(815301076,1909f56bfc062723c751e8b465ee728b)
Start importing Assets/Mess Maker Free/Prefabs/Low Poly/Cans/Beer Can Green Crushed.prefab using Guid(be2f3a70d7cff0d499d97d845208aafb) Importer(815301076,1909f56bfc062723c751e8b465ee728b)  -> (artifact id: '615d873617b321f7d3650c8081264bc7') in 0.023463 seconds 
========================================================================
Received Import Request.
  Time since last request: 0.000045 seconds.
  path: Assets/Mess Maker Free/Prefabs/Low Poly/Cans/Beer Can Red.prefab
  artifactKey: Guid(5f6a44704381d674fbe683276b29b7aa) Importer(815301076,1909f56bfc062723c751e8b465ee728b)
Start importing Assets/Mess Maker Free/Prefabs/Low Poly/Cans/Beer Can Red.prefab using Guid(5f6a44704381d674fbe683276b29b7aa) Importer(815301076,1909f56bfc062723c751e8b465ee728b)  -> (artifact id: '242f613f663867157d6e3a7dfa3a1f55') in 0.022417 seconds 
========================================================================
Received Import Request.
  Time since last request: 0.000032 seconds.
  path: Assets/Mess Maker Free/Prefabs/Low Poly/Cans/Soda Can Orange.prefab
  artifactKey: Guid(ee6951d938497174989b85bc977b2e7a) Importer(815301076,1909f56bfc062723c751e8b465ee728b)
Start importing Assets/Mess Maker Free/Prefabs/Low Poly/Cans/Soda Can Orange.prefab using Guid(ee6951d938497174989b85bc977b2e7a) Importer(815301076,1909f56bfc062723c751e8b465ee728b)  -> (artifact id: '7ab8febef12718ae896a722a16f39d63') in 0.026967 seconds 
========================================================================
Received Import Request.
  Time since last request: 0.000037 seconds.
  path: Assets/Mess Maker Free/Prefabs/Low Poly/Cans/Beer Can Red Crushed.prefab
  artifactKey: Guid(d346a7c25a992d94a9a1af7f234074b3) Importer(815301076,1909f56bfc062723c751e8b465ee728b)
Start importing Assets/Mess Maker Free/Prefabs/Low Poly/Cans/Beer Can Red Crushed.prefab using Guid(d346a7c25a992d94a9a1af7f234074b3) Importer(815301076,1909f56bfc062723c751e8b465ee728b)  -> (artifact id: '3ff407c747b77dbf92517cb386c99443') in 0.018004 seconds 
========================================================================
Received Import Request.
  Time since last request: 0.000021 seconds.
  path: Assets/Mess Maker Free/Prefabs/Low Poly/Cans/Soda Can Orange Crushed.prefab
  artifactKey: Guid(aa391fa7c7d49314785fa3f647c03048) Importer(815301076,1909f56bfc062723c751e8b465ee728b)
Start importing Assets/Mess Maker Free/Prefabs/Low Poly/Cans/Soda Can Orange Crushed.prefab using Guid(aa391fa7c7d49314785fa3f647c03048) Importer(815301076,1909f56bfc062723c751e8b465ee728b)  -> (artifact id: 'fe0c06adb39b31891fb5ced13e041152') in 0.017424 seconds 
========================================================================
Received Import Request.
  Time since last request: 493.981318 seconds.
  path: Assets/Mess Maker Free/Prefabs/Rocks
  artifactKey: Guid(18aea52edccca7145be4657f98387301) Importer(815301076,1909f56bfc062723c751e8b465ee728b)
Start importing Assets/Mess Maker Free/Prefabs/Rocks using Guid(18aea52edccca7145be4657f98387301) Importer(815301076,1909f56bfc062723c751e8b465ee728b)  -> (artifact id: 'f3d403f116578d57c6ffae59e98bafe4') in 0.020478 seconds 
========================================================================
Received Import Request.
  Time since last request: 0.057582 seconds.
  path: Assets/Mess Maker Free/Prefabs/Rocks/Rock 1 High.prefab
  artifactKey: Guid(ac6ff3feaf94bf345b80e33595e9fa2c) Importer(815301076,1909f56bfc062723c751e8b465ee728b)
Start importing Assets/Mess Maker Free/Prefabs/Rocks/Rock 1 High.prefab using Guid(ac6ff3feaf94bf345b80e33595e9fa2c) Importer(815301076,1909f56bfc062723c751e8b465ee728b)  -> (artifact id: '0100ae7ab6812f173bdae14f578d618b') in 0.098047 seconds 
========================================================================
Received Import Request.
  Time since last request: 0.000023 seconds.
  path: Assets/Mess Maker Free/Prefabs/Rocks/Rock 3.prefab
  artifactKey: Guid(412b051a4251dc24b847c44ef9fea07e) Importer(815301076,1909f56bfc062723c751e8b465ee728b)
Start importing Assets/Mess Maker Free/Prefabs/Rocks/Rock 3.prefab using Guid(412b051a4251dc24b847c44ef9fea07e) Importer(815301076,1909f56bfc062723c751e8b465ee728b)  -> (artifact id: '80429d0a27e5f4e6234349a478d3e99e') in 0.027221 seconds 
========================================================================
Received Import Request.
  Time since last request: 0.000025 seconds.
  path: Assets/Mess Maker Free/Prefabs/Rocks/Rock 3 High.prefab
  artifactKey: Guid(b6802ac10fcf2f2409b3845a954b1680) Importer(815301076,1909f56bfc062723c751e8b465ee728b)
Start importing Assets/Mess Maker Free/Prefabs/Rocks/Rock 3 High.prefab using Guid(b6802ac10fcf2f2409b3845a954b1680) Importer(815301076,1909f56bfc062723c751e8b465ee728b)  -> (artifact id: '92e9c7c8e5f590b4e3ab99bc54065b03') in 0.027993 seconds 
========================================================================
Received Import Request.
  Time since last request: 0.000031 seconds.
  path: Assets/Mess Maker Free/Prefabs/Rocks/Rock 4 High.prefab
  artifactKey: Guid(1bb9a7dbb8c73f3408f19f73ca87daae) Importer(815301076,1909f56bfc062723c751e8b465ee728b)
Start importing Assets/Mess Maker Free/Prefabs/Rocks/Rock 4 High.prefab using Guid(1bb9a7dbb8c73f3408f19f73ca87daae) Importer(815301076,1909f56bfc062723c751e8b465ee728b)  -> (artifact id: '56225a8536521fffc0596bd93a15f682') in 0.029347 seconds 
========================================================================
Received Import Request.
  Time since last request: 0.000030 seconds.
  path: Assets/Mess Maker Free/Prefabs/Rocks/Rock 2.prefab
  artifactKey: Guid(125e9a36b6de44842be2592288024999) Importer(815301076,1909f56bfc062723c751e8b465ee728b)
Start importing Assets/Mess Maker Free/Prefabs/Rocks/Rock 2.prefab using Guid(125e9a36b6de44842be2592288024999) Importer(815301076,1909f56bfc062723c751e8b465ee728b)  -> (artifact id: 'd59486c05b68bbfd5a072ac81a58797a') in 0.025713 seconds 
========================================================================
Received Import Request.
  Time since last request: 0.000027 seconds.
  path: Assets/Mess Maker Free/Prefabs/Rocks/Rock 2 High.prefab
  artifactKey: Guid(f2dd2792c7a7abf468ff4e975451e0b1) Importer(815301076,1909f56bfc062723c751e8b465ee728b)
Start importing Assets/Mess Maker Free/Prefabs/Rocks/Rock 2 High.prefab using Guid(f2dd2792c7a7abf468ff4e975451e0b1) Importer(815301076,1909f56bfc062723c751e8b465ee728b)  -> (artifact id: '864e933c2b797c8fb1b35cce87269607') in 0.026160 seconds 
========================================================================
Received Import Request.
  Time since last request: 0.000029 seconds.
  path: Assets/Mess Maker Free/Prefabs/Rocks/Rock 4 Low.prefab
  artifactKey: Guid(20290fdb816d58c4f948546290b7d364) Importer(815301076,1909f56bfc062723c751e8b465ee728b)
Start importing Assets/Mess Maker Free/Prefabs/Rocks/Rock 4 Low.prefab using Guid(20290fdb816d58c4f948546290b7d364) Importer(815301076,1909f56bfc062723c751e8b465ee728b)  -> (artifact id: '6b6c7601c7132e3194d5a53e0c6eac8f') in 0.022459 seconds 
========================================================================
Received Import Request.
  Time since last request: 0.744874 seconds.
  path: Assets/Mess Maker Free/Prefabs/Rocks/Rock 4.prefab
  artifactKey: Guid(4298a949c31c78c4bab7a4a657b4315e) Importer(815301076,1909f56bfc062723c751e8b465ee728b)
Start importing Assets/Mess Maker Free/Prefabs/Rocks/Rock 4.prefab using Guid(4298a949c31c78c4bab7a4a657b4315e) Importer(815301076,1909f56bfc062723c751e8b465ee728b)  -> (artifact id: '2dc7b982171c62ee438c2bf82f2f548d') in 0.021716 seconds 
========================================================================
Received Import Request.
  Time since last request: 0.029829 seconds.
  path: Assets/Mess Maker Free/Prefabs/Rocks/Rock 5 Low.prefab
  artifactKey: Guid(86358c5f419c8604d8eafd9884384c15) Importer(815301076,1909f56bfc062723c751e8b465ee728b)
Start importing Assets/Mess Maker Free/Prefabs/Rocks/Rock 5 Low.prefab using Guid(86358c5f419c8604d8eafd9884384c15) Importer(815301076,1909f56bfc062723c751e8b465ee728b)  -> (artifact id: 'c30fe2ce5e09248a0f1f72fcd3dc5928') in 0.026470 seconds 
Editor requested this worker to shutdown with reason: Scaling down because of idle timeout
AssetImportWorker is now disconnected from the server
Process exiting
Exiting without the bug reporter. Application will terminate with return code 0